<?xml version="1.0" encoding="UTF-8"?>
<robot generator="Robot 4.1.2 (Python 3.8.7rc1 on win32)" generated="20220203 09:04:06.819" rpa="false" schemaversion="2">
<suite id="s1" name="Test" source="C:\Users\Raju\PycharmProjects\gittest\test.robot">
<test id="s1-t1" name="tc1">
<kw name="Open Browser" library="SeleniumLibrary">
<arg>https://www.google.com/</arg>
<arg>Chrome</arg>
<doc>Opens a new browser instance to the optional ``url``.</doc>
<msg timestamp="20220203 09:04:07.006" level="INFO">Opening browser 'Chrome' to base url 'https://www.google.com/'.</msg>
<status status="PASS" starttime="20220203 09:04:07.006" endtime="20220203 09:04:08.874"/>
</kw>
<kw name="Sleep" library="BuiltIn">
<arg>5</arg>
<doc>Pauses the test executed for the given time.</doc>
<msg timestamp="20220203 09:04:13.887" level="INFO">Slept 5 seconds</msg>
<status status="PASS" starttime="20220203 09:04:08.874" endtime="20220203 09:04:13.888"/>
</kw>
<kw name="Input Text" library="SeleniumLibrary">
<arg>//input[@type='text']</arg>
<arg>hanumantharaju TV</arg>
<doc>Types the given ``text`` into the text field identified by ``locator``.</doc>
<msg timestamp="20220203 09:04:13.889" level="INFO">Typing text 'hanumantharaju TV' into text field '//input[@type='text']'.</msg>
<status status="PASS" starttime="20220203 09:04:13.889" endtime="20220203 09:04:13.987"/>
</kw>
<kw name="Press Keys" library="SeleniumLibrary">
<arg>//body</arg>
<arg>ENTER</arg>
<doc>Simulates the user pressing key(s) to an element or on the active browser.</doc>
<msg timestamp="20220203 09:04:13.992" level="INFO">Sending key(s) ('ENTER',) to //body element.</msg>
<msg timestamp="20220203 09:04:14.646" level="INFO">Pressing special key ENTER to element.</msg>
<msg timestamp="20220203 09:04:14.646" level="INFO">Releasing special key ENTER.</msg>
<status status="PASS" starttime="20220203 09:04:13.992" endtime="20220203 09:04:14.662"/>
</kw>
<kw name="Close Browser" library="SeleniumLibrary">
<doc>Closes the current browser.</doc>
<status status="PASS" starttime="20220203 09:04:14.662" endtime="20220203 09:04:16.821"/>
</kw>
<status status="PASS" starttime="20220203 09:04:07.006" endtime="20220203 09:04:16.821"/>
</test>
<status status="PASS" starttime="20220203 09:04:06.820" endtime="20220203 09:04:16.828"/>
</suite>
<statistics>
<total>
<stat pass="1" fail="0" skip="0">All Tests</stat>
</total>
<tag>
</tag>
<suite>
<stat pass="1" fail="0" skip="0" id="s1" name="Test">Test</stat>
</suite>
</statistics>
<errors>
</errors>
</robot>
